
POST /api/auth/signup 29-11-25_05:18:00
POST /api/auth/signin 29-11-25_05:18:32
POST /api/water/ 29-11-25_05:20:11
POST /api/water/ 29-11-25_05:21:03
POST /api/water 29-11-25_05:21:49
POST /api/water/ 29-11-25_05:23:23
GET /api/water/ 29-11-25_05:24:33
POST /api/water/ 29-11-25_05:24:45
POST /api/water/ 29-11-25_05:24:53
POST /api/water/ 29-11-25_05:25:49
POST /api/water/ 29-11-25_05:25:52
POST /api/water/ 29-11-25_05:27:15
POST /api/water/ 29-11-25_05:28:35
GET /api/water/ 29-11-25_05:28:40
GET /api/water/ 29-11-25_05:29:52
POST /api/water/ 29-11-25_05:30:03
POST /api/water/ 29-11-25_05:30:09
GET /api/water/ 29-11-25_05:30:12
PUT /api/water/692b1f8ba54d249a5ef73530 29-11-25_05:31:24
GET /api/water/ 29-11-25_05:31:38
POST /api/water/ 29-11-25_05:38:24
GET / 08-12-25_10:41:12
GET /favicon.ico 08-12-25_10:41:12
GET /api-docs/ 08-12-25_10:44:46
GET /api-docs 08-12-25_10:44:50
GET /api-docs 08-12-25_10:45:35
GET /api-docs 08-12-25_10:45:38
GET /api-docs 08-12-25_10:47:13
GET /api-docs/ 08-12-25_10:47:13
GET /api-docs/swagger-ui.css 08-12-25_10:47:13
GET /api-docs/swagger-ui-bundle.js 08-12-25_10:47:13
GET /api-docs/swagger-ui-standalone-preset.js 08-12-25_10:47:13
GET /api-docs/swagger-ui-init.js 08-12-25_10:47:13
GET /api-docs/favicon-32x32.png 08-12-25_10:47:13
GET /docs 12-12-25_12:44:09
GET /favicon.ico 12-12-25_12:44:09
GET /docs 12-12-25_12:44:16
GET /docs 12-12-25_12:44:29
GET /docs 12-12-25_12:44:30
GET /api-docs 12-12-25_12:44:43
GET /api-docs/ 12-12-25_12:44:43
GET /api-docs/swagger-ui.css 12-12-25_12:44:43
GET /api-docs/swagger-ui-bundle.js 12-12-25_12:44:43
GET /api-docs/swagger-ui-standalone-preset.js 12-12-25_12:44:43
GET /api-docs/swagger-ui-init.js 12-12-25_12:44:43
GET /api-docs/ 12-12-25_01:05:02
GET /api-docs/swagger-ui.css 12-12-25_01:05:02
GET /api-docs/swagger-ui-bundle.js 12-12-25_01:05:02
GET /api-docs/swagger-ui-standalone-preset.js 12-12-25_01:05:02
GET /api-docs/swagger-ui-init.js 12-12-25_01:05:02
GET /api-docs/favicon-32x32.png 12-12-25_01:05:03
GET /api-docs/ 12-12-25_01:06:37
GET /api-docs/swagger-ui.css 12-12-25_01:06:37
GET /api-docs/swagger-ui-bundle.js 12-12-25_01:06:37
GET /api-docs/swagger-ui-init.js 12-12-25_01:06:37
GET /api-docs/swagger-ui-standalone-preset.js 12-12-25_01:06:37
GET /api-docs/favicon-32x32.png 12-12-25_01:06:38
GET /api-docs/ 12-12-25_01:08:36
GET /api-docs/swagger-ui.css 12-12-25_01:08:36
GET /api-docs/swagger-ui-bundle.js 12-12-25_01:08:36
GET /api-docs/swagger-ui-init.js 12-12-25_01:08:36
GET /api-docs/swagger-ui-standalone-preset.js 12-12-25_01:08:36
GET /api-docs/favicon-32x32.png 12-12-25_01:08:36
GET /api-docs/ 12-12-25_01:10:00
GET /api-docs/swagger-ui.css 12-12-25_01:10:01
GET /api-docs/swagger-ui-bundle.js 12-12-25_01:10:01
GET /api-docs/swagger-ui-init.js 12-12-25_01:10:01
GET /api-docs/swagger-ui-standalone-preset.js 12-12-25_01:10:01
GET /api-docs/favicon-32x32.png 12-12-25_01:10:01
GET /api-docs/ 12-12-25_01:25:16
GET /api-docs/swagger-ui.css 12-12-25_01:25:16
GET /api-docs/swagger-ui-bundle.js 12-12-25_01:25:16
GET /api-docs/swagger-ui-init.js 12-12-25_01:25:16
GET /api-docs/swagger-ui-standalone-preset.js 12-12-25_01:25:16
GET /api-docs/favicon-32x32.png 12-12-25_01:25:16
GET /api-docs/ 12-12-25_02:57:14
GET /api-docs/swagger-ui.css 12-12-25_02:57:14
GET /api-docs/swagger-ui-standalone-preset.js 12-12-25_02:57:14
GET /api-docs/swagger-ui-init.js 12-12-25_02:57:14
GET /api-docs/swagger-ui-bundle.js 12-12-25_02:57:14
GET /api-docs/favicon-32x32.png 12-12-25_02:57:15
GET /api-docs/ 12-12-25_02:59:04
GET /api-docs/swagger-ui.css 12-12-25_02:59:04
GET /api-docs/swagger-ui-bundle.js 12-12-25_02:59:04
GET /api-docs/swagger-ui-standalone-preset.js 12-12-25_02:59:04
GET /api-docs/swagger-ui-init.js 12-12-25_02:59:04
GET /api-docs/favicon-32x32.png 12-12-25_02:59:05
GET /api-docs/ 12-12-25_02:59:11
GET /api-docs/swagger-ui.css 12-12-25_02:59:11
GET /api-docs/swagger-ui-bundle.js 12-12-25_02:59:11
GET /api-docs/swagger-ui-standalone-preset.js 12-12-25_02:59:11
GET /api-docs/swagger-ui-init.js 12-12-25_02:59:11
GET /api-docs/favicon-32x32.png 12-12-25_02:59:11
GET /api-docs/ 12-12-25_03:01:45
GET /api-docs/swagger-ui.css 12-12-25_03:01:45
GET /api-docs/swagger-ui-bundle.js 12-12-25_03:01:45
GET /api-docs/swagger-ui-standalone-preset.js 12-12-25_03:01:45
GET /api-docs/swagger-ui-init.js 12-12-25_03:01:45
GET /api-docs/favicon-32x32.png 12-12-25_03:01:46
GET /api-docs/ 12-12-25_03:05:56
GET /api-docs/swagger-ui.css 12-12-25_03:05:56
GET /api-docs/swagger-ui-bundle.js 12-12-25_03:05:56
GET /api-docs/swagger-ui-standalone-preset.js 12-12-25_03:05:56
GET /api-docs/swagger-ui-init.js 12-12-25_03:05:56
GET /api-docs/favicon-32x32.png 12-12-25_03:05:57
GET /api-docs/ 12-12-25_03:11:25
GET /api-docs/swagger-ui.css 12-12-25_03:11:26
GET /api-docs/swagger-ui-bundle.js 12-12-25_03:11:26
GET /api-docs/swagger-ui-standalone-preset.js 12-12-25_03:11:26
GET /api-docs/swagger-ui-init.js 12-12-25_03:11:26
GET /api-docs/favicon-32x32.png 12-12-25_03:11:26
GET /api-docs/ 12-12-25_03:15:04
GET /api-docs/swagger-ui.css 12-12-25_03:15:04
GET /api-docs/swagger-ui-bundle.js 12-12-25_03:15:04
GET /api-docs/swagger-ui-standalone-preset.js 12-12-25_03:15:04
GET /api-docs/swagger-ui-init.js 12-12-25_03:15:04
GET /api-docs/favicon-32x32.png 12-12-25_03:15:05
GET /api-docs/ 12-12-25_03:21:42
GET /api-docs/swagger-ui.css 12-12-25_03:21:42
GET /api-docs/swagger-ui-bundle.js 12-12-25_03:21:42
GET /api-docs/swagger-ui-standalone-preset.js 12-12-25_03:21:42
GET /api-docs/swagger-ui-init.js 12-12-25_03:21:42
GET /api-docs/favicon-32x32.png 12-12-25_03:21:43
GET /api-docs/ 12-12-25_03:23:53
GET /api-docs/swagger-ui.css 12-12-25_03:23:53
GET /api-docs/swagger-ui-init.js 12-12-25_03:23:53
GET /api-docs/swagger-ui-standalone-preset.js 12-12-25_03:23:53
GET /api-docs/swagger-ui-bundle.js 12-12-25_03:23:53
GET /api-docs/favicon-32x32.png 12-12-25_03:23:53
GET /api-docs/ 12-12-25_03:29:19
GET /api-docs/swagger-ui.css 12-12-25_03:29:19
GET /api-docs/swagger-ui-bundle.js 12-12-25_03:29:19
GET /api-docs/swagger-ui-standalone-preset.js 12-12-25_03:29:19
GET /api-docs/swagger-ui-init.js 12-12-25_03:29:19
GET /api-docs/favicon-32x32.png 12-12-25_03:29:20
GET /api-docs/ 12-12-25_03:29:55
GET /api-docs/swagger-ui.css 12-12-25_03:29:55
GET /api-docs/swagger-ui-bundle.js 12-12-25_03:29:55
GET /api-docs/swagger-ui-standalone-preset.js 12-12-25_03:29:55
GET /api-docs/swagger-ui-init.js 12-12-25_03:29:55
GET /api-docs/favicon-32x32.png 12-12-25_03:29:56
GET /api-docs/ 12-12-25_03:34:02
GET /api-docs/swagger-ui.css 12-12-25_03:34:02
GET /api-docs/swagger-ui-init.js 12-12-25_03:34:02
GET /api-docs/swagger-ui-standalone-preset.js 12-12-25_03:34:02
GET /api-docs/swagger-ui-bundle.js 12-12-25_03:34:02
GET /api-docs/favicon-32x32.png 12-12-25_03:34:03
GET /api-docs/ 12-12-25_03:37:03
GET /api-docs/swagger-ui.css 12-12-25_03:37:03
GET /api-docs/swagger-ui-bundle.js 12-12-25_03:37:03
GET /api-docs/swagger-ui-standalone-preset.js 12-12-25_03:37:03
GET /api-docs/swagger-ui-init.js 12-12-25_03:37:03
GET /api-docs/favicon-32x32.png 12-12-25_03:37:03
GET /api-docs/ 12-12-25_03:42:51
GET /api-docs/swagger-ui.css 12-12-25_03:42:51
GET /api-docs/swagger-ui-bundle.js 12-12-25_03:42:51
GET /api-docs/swagger-ui-standalone-preset.js 12-12-25_03:42:51
GET /api-docs/swagger-ui-init.js 12-12-25_03:42:51
GET /api-docs/favicon-32x32.png 12-12-25_03:42:52
GET /api-docs/ 12-12-25_03:45:03
GET /api-docs/swagger-ui.css 12-12-25_03:45:03
GET /api-docs/swagger-ui-bundle.js 12-12-25_03:45:03
GET /api-docs/swagger-ui-standalone-preset.js 12-12-25_03:45:03
GET /api-docs/swagger-ui-init.js 12-12-25_03:45:03
GET /api-docs/favicon-32x32.png 12-12-25_03:45:04
GET /api-docs/ 12-12-25_03:48:15
GET /api-docs/swagger-ui.css 12-12-25_03:48:15
GET /api-docs/swagger-ui-bundle.js 12-12-25_03:48:15
GET /api-docs/swagger-ui-init.js 12-12-25_03:48:15
GET /api-docs/swagger-ui-standalone-preset.js 12-12-25_03:48:15
GET /api-docs/favicon-32x32.png 12-12-25_03:48:16
GET /api-docs/ 12-12-25_03:49:43
GET /api-docs/swagger-ui.css 12-12-25_03:49:43
GET /api-docs/swagger-ui-bundle.js 12-12-25_03:49:43
GET /api-docs/swagger-ui-init.js 12-12-25_03:49:43
GET /api-docs/swagger-ui-standalone-preset.js 12-12-25_03:49:43
GET /api-docs/favicon-32x32.png 12-12-25_03:49:44
GET /api-docs/ 12-12-25_03:50:55
GET /api-docs/swagger-ui.css 12-12-25_03:50:55
GET /api-docs/swagger-ui-bundle.js 12-12-25_03:50:55
GET /api-docs/swagger-ui-standalone-preset.js 12-12-25_03:50:55
GET /api-docs/swagger-ui-init.js 12-12-25_03:50:55
GET /api-docs/favicon-32x32.png 12-12-25_03:50:56